Checking whether the ASM compiler is GNU using "--version" did not match "(GNU assembler)|(GCC)|(Free Software Foundation)":
Checking whether the ASM compiler is Clang using "--version" did not match "(clang version)":
xtensa-esp-elf-gcc.exe (crosstool-NG esp-13.2.0_20230928) 13.2.0
Copyright (C) 2023 Free Software Foundation, Inc.
This is free software; see the source for copying conditions.  There is NO
warranty; not even for MERCHANTABILITY or FITNESS FOR A PARTICULAR PURPOSE.

Checking whether the ASM compiler is AppleClang using "--version" did not match "(Apple LLVM version)":
xtensa-esp-elf-gcc.exe (crosstool-NG esp-13.2.0_20230928) 13.2.0
Copyright (C) 2023 Free Software Foundation, Inc.
This is free software; see the source for copying conditions.  There is NO
warranty; not even for MERCHANTABILITY or FITNESS FOR A PARTICULAR PURPOSE.

Checking whether the ASM compiler is ARMClang using "--version" did not match "armclang":
xtensa-esp-elf-gcc.exe (crosstool-NG esp-13.2.0_20230928) 13.2.0
Copyright (C) 2023 Free Software Foundation, Inc.
This is free software; see the source for copying conditions.  There is NO
warranty; not even for MERCHANTABILITY or FITNESS FOR A PARTICULAR PURPOSE.

Checking whether the ASM compiler is HP using "-V" did not match "HP C":
xtensa-esp-elf-gcc.exe: error: unrecognized command-line option '-V'
xtensa-esp-elf-gcc.exe: fatal error: no input files
compilation terminated.
Checking whether the ASM compiler is Intel using "--version" did not match "(ICC)":
xtensa-esp-elf-gcc.exe (crosstool-NG esp-13.2.0_20230928) 13.2.0
Copyright (C) 2023 Free Software Foundation, Inc.
This is free software; see the source for copying conditions.  There is NO
warranty; not even for MERCHANTABILITY or FITNESS FOR A PARTICULAR PURPOSE.

Checking whether the ASM compiler is IntelLLVM using "--version" did not match "(Intel[^
]+oneAPI)":
Checking whether the ASM compiler is SunPro using "-V" did not match "Sun C":
xtensa-esp-elf-gcc.exe: error: unrecognized command-line option '-V'
xtensa-esp-elf-gcc.exe: fatal error: no input files
compilation terminated.
Checking whether the ASM compiler is XL using "-qversion" did not match "XL C":
xtensa-esp-elf-gcc.exe: error: unrecognized command-line option '-qversion'; did you mean '--version'?
xtensa-esp-elf-gcc.exe: fatal error: no input files
compilation terminated.
Checking whether the ASM compiler is MSVC using "-?" did not match "Microsoft":
xtensa-esp-elf-gcc.exe: error: unrecognized command-line option '-?'
xtensa-esp-elf-gcc.exe: fatal error: no input files
compilation terminated.
Checking whether the ASM compiler is TI using "-h" did not match "Texas Instruments":
xtensa-esp-elf-gcc.exe: error: missing argument to '-h'
xtensa-esp-elf-gcc.exe: fatal error: no input files
compilation terminated.
Checking whether the ASM compiler is IAR using "" did not match "IAR Assembler":
xtensa-esp-elf-gcc.exe: fatal error: no input files
compilation terminated.
Checking whether the ASM compiler is ARMCC using "" did not match "(ARM Compiler)|(ARM Assembler)|(Arm Compiler)":
xtensa-esp-elf-gcc.exe: fatal error: no input files
compilation terminated.
Checking whether the ASM compiler is NASM using "-v" did not match "(NASM version)":
Using built-in specs.
COLLECT_GCC=C:\Users\arthu\.espressif\tools\xtensa-esp-elf\esp-13.2.0_20230928\xtensa-esp-elf\bin\xtensa-esp-elf-gcc.exe
COLLECT_LTO_WRAPPER=C:/Users/arthu/.espressif/tools/xtensa-esp-elf/esp-13.2.0_20230928/xtensa-esp-elf/bin/../libexec/gcc/xtensa-esp-elf/13.2.0/lto-wrapper.exe
Target: xtensa-esp-elf
Configured with: /builds/idf/crosstool-NG/.build/HOST-x86_64-w64-mingw32/xtensa-esp-elf/src/gcc/configure --build=x86_64-build_pc-linux-gnu --host=x86_64-host_w64-mingw32 --target=xtensa-esp-elf --prefix=/builds/idf/crosstool-NG/builds/xtensa-esp-elf --exec_prefix=/builds/idf/crosstool-NG/builds/xtensa-esp-elf --with-local-prefix=/builds/idf/crosstool-NG/builds/xtensa-esp-elf/xtensa-esp-elf --with-headers=/builds/idf/crosstool-NG/builds/xtensa-esp-elf/xtensa-esp-elf/include --with-newlib --enable-threads=no --disable-shared --with-pkgversion='crosstool-NG esp-13.2.0_20230928' --disable-__cxa_atexit --enable-cxx-flags=-ffunction-sections --disable-libgomp --disable-libmudflap --disable-libmpx --disable-libssp --disable-libquadmath --disable-libquadmath-support --disable-libstdcxx-verbose --with-gmp=/builds/idf/crosstool-NG/.build/HOST-x86_64-w64-mingw32/xtensa-esp-elf/buildtools/complibs-host --with-mpfr=/builds/idf/crosstool-NG/.build/HOST-x86_64-w64-mingw32/xtensa-esp-elf/buildtools/complibs-host --with-mpc=/builds/idf/crosstool-NG/.build/HOST-x86_64-w64-mingw32/xtensa-esp-elf/buildtools/complibs-host --with-isl=/builds/idf/crosstool-NG/.build/HOST-x86_64-w64-mingw32/xtensa-esp-elf/buildtools/complibs-host --enable-lto --enable-target-optspace --without-long-double-128 --disable-nls --enable-multiarch --enable-languages=c,c++ --disable-libstdcxx-verbose --enable-threads=posix --enable-gcov-custom-rtio --enable-libstdcxx-time=yes --with-gnu-ld
Thread model: posix
Supported LTO compression algorithms: zlib
gcc version 13.2.0 (crosstool-NG esp-13.2.0_20230928) 
Checking whether the ASM compiler is YASM using "--version" did not match "(yasm)":
xtensa-esp-elf-gcc.exe (crosstool-NG esp-13.2.0_20230928) 13.2.0
Copyright (C) 2023 Free Software Foundation, Inc.
This is free software; see the source for copying conditions.  There is NO
warranty; not even for MERCHANTABILITY or FITNESS FOR A PARTICULAR PURPOSE.

Checking whether the ASM compiler is ADSP using "-version" did not match "Analog Devices":
xtensa-esp-elf-gcc.exe: error: unrecognized command-line option '-version'
xtensa-esp-elf-gcc.exe: fatal error: no input files
compilation terminated.
Checking whether the ASM compiler is QCC using "-V" did not match "gcc_nto":
xtensa-esp-elf-gcc.exe: error: unrecognized command-line option '-V'
xtensa-esp-elf-gcc.exe: fatal error: no input files
compilation terminated.
